root
30 3 * * *   /usr/bin/find /var/log/tomcat7/ -type f -mtime +1 -name "*20[0-9][0-9]-[0-9][0-9]-[0-9][0-9]*" ! -name "*.gz" -exec gzip -v9 {} \;
0 3 * * *    /usr/bin/find /var/log/tomcat7/ -type f -mtime +30 -delete
*/10 * * * * /root/bin/clearsysprop.sh
20,50 * * * * /bin/bash -c /root/weatherupdate/currentupdate.sh
25,55 * * * * /bin/bash -c /root/weatherupdate/forecastupdate.sh

15 7 * * 5 /bin/bash -c /root/bin/auto-report.sh
 
bin
 
daemon
 
adm
 
lp
 
sync
 
shutdown
 
halt
 
mail
 
uucp
 
operator
 
games
 
gopher
 
ftp
 
nobody
 
vcsa
 
saslauth
 
postfix
 
sshd
 
mysql
 
tomcat
 
dbus
 
apache
 
netsvcs
0 */12 * * * /home/netsvcs/bin/backupdb
 
deploy
 
rpc
 
hacluster
 
rpcuser
 
nfsnobody
 
tcpdump
 
rtkit
 
pulse
 
wowza
 
ntp
 
monit
 
encoreshutdown
 
