abrt-ccpp      	0:off	1:off	2:off	3:on	4:off	5:on	6:off
abrt-oops      	0:off	1:off	2:off	3:on	4:off	5:on	6:off
abrtd          	0:off	1:off	2:off	3:on	4:off	5:on	6:off
acpid          	0:off	1:off	2:on	3:on	4:on	5:on	6:off
atd            	0:off	1:off	2:off	3:on	4:on	5:on	6:off
auditd         	0:off	1:off	2:on	3:off	4:on	5:on	6:off
autofs         	0:off	1:off	2:off	3:off	4:off	5:off	6:off
certmonger     	0:off	1:off	2:off	3:on	4:on	5:on	6:off
cman           	0:off	1:off	2:off	3:off	4:off	5:off	6:off
corosync       	0:off	1:off	2:off	3:off	4:off	5:off	6:off
cpuspeed       	0:off	1:on	2:on	3:on	4:on	5:on	6:off
crond          	0:off	1:off	2:on	3:on	4:on	5:on	6:off
cups           	0:off	1:off	2:off	3:off	4:off	5:off	6:off
dnsmasq        	0:off	1:off	2:on	3:on	4:on	5:on	6:off
haldaemon      	0:off	1:off	2:off	3:on	4:on	5:on	6:off
heartbeat      	0:off	1:off	2:on	3:on	4:on	5:on	6:off
hp-ams         	0:off	1:off	2:on	3:on	4:on	5:on	6:off
hp-asrd        	0:off	1:off	2:on	3:on	4:on	5:on	6:off
hp-health      	0:off	1:off	2:on	3:on	4:on	5:on	6:off
hp-snmp-agents 	0:off	1:off	2:on	3:on	4:on	5:on	6:off
hpsmhd         	0:off	1:off	2:off	3:on	4:on	5:on	6:off
httpd          	0:off	1:off	2:off	3:off	4:off	5:off	6:off
ip6tables      	0:off	1:off	2:off	3:off	4:off	5:off	6:off
ipsec          	0:off	1:off	2:off	3:off	4:off	5:off	6:off
iptables       	0:off	1:off	2:off	3:off	4:off	5:off	6:off
ipvsadm        	0:off	1:off	2:off	3:off	4:off	5:off	6:off
irqbalance     	0:off	1:off	2:off	3:on	4:on	5:on	6:off
kdump          	0:off	1:off	2:off	3:on	4:on	5:on	6:off
libvirt-guests 	0:off	1:off	2:on	3:on	4:on	5:on	6:off
lm_sensors     	0:off	1:off	2:off	3:off	4:off	5:off	6:off
luci           	0:off	1:off	2:off	3:off	4:off	5:off	6:off
lvm2-monitor   	0:off	1:on	2:on	3:on	4:on	5:on	6:off
mcelogd        	0:off	1:off	2:on	3:on	4:on	5:on	6:off
mdmonitor      	0:off	1:off	2:on	3:on	4:on	5:on	6:off
messagebus     	0:off	1:off	2:on	3:on	4:on	5:on	6:off
modclusterd    	0:off	1:off	2:off	3:off	4:off	5:off	6:off
monit          	0:off	1:off	2:on	3:on	4:on	5:on	6:off
nagios         	0:off	1:off	2:off	3:off	4:off	5:off	6:off
netconsole     	0:off	1:off	2:off	3:off	4:off	5:off	6:off
netfs          	0:off	1:off	2:off	3:on	4:on	5:on	6:off
network        	0:off	1:off	2:on	3:on	4:on	5:on	6:off
nfs            	0:off	1:off	2:off	3:off	4:off	5:off	6:off
nfslock        	0:off	1:off	2:off	3:off	4:off	5:off	6:off
nrpe           	0:off	1:off	2:off	3:off	4:off	5:off	6:off
ntpd           	0:off	1:off	2:on	3:on	4:on	5:on	6:off
ntpdate        	0:off	1:off	2:off	3:off	4:off	5:off	6:off
oddjobd        	0:off	1:off	2:off	3:off	4:off	5:off	6:off
portreserve    	0:off	1:off	2:on	3:on	4:on	5:on	6:off
postfix        	0:off	1:off	2:on	3:on	4:on	5:on	6:off
psacct         	0:off	1:off	2:off	3:off	4:off	5:off	6:off
quota_nld      	0:off	1:off	2:off	3:off	4:off	5:off	6:off
rdisc          	0:off	1:off	2:off	3:off	4:off	5:off	6:off
restorecond    	0:off	1:off	2:off	3:off	4:off	5:off	6:off
rgmanager      	0:off	1:off	2:off	3:off	4:off	5:off	6:off
ricci          	0:off	1:off	2:off	3:off	4:off	5:off	6:off
rngd           	0:off	1:off	2:off	3:off	4:off	5:off	6:off
rpcbind        	0:off	1:off	2:on	3:on	4:on	5:on	6:off
rpcgssd        	0:off	1:off	2:off	3:on	4:on	5:on	6:off
rpcidmapd      	0:off	1:off	2:off	3:off	4:off	5:off	6:off
rpcsvcgssd     	0:off	1:off	2:off	3:off	4:off	5:off	6:off
rsyslog        	0:off	1:off	2:on	3:on	4:on	5:on	6:off
saslauthd      	0:off	1:off	2:off	3:off	4:off	5:off	6:off
smartd         	0:off	1:off	2:off	3:off	4:off	5:off	6:off
snmpd          	0:off	1:off	2:on	3:on	4:on	5:on	6:off
snmptrapd      	0:off	1:off	2:off	3:off	4:off	5:off	6:off
sshd           	0:off	1:off	2:on	3:on	4:on	5:on	6:off
sssd           	0:off	1:off	2:off	3:off	4:off	5:off	6:off
sysstat        	0:off	1:on	2:on	3:on	4:on	5:on	6:off
udev-post      	0:off	1:on	2:on	3:on	4:on	5:on	6:off
xinetd         	0:off	1:off	2:off	3:on	4:on	5:on	6:off
ypbind         	0:off	1:off	2:off	3:off	4:off	5:off	6:off

xinetd based services:
	chargen-dgram: 	off
	chargen-stream:	off
	cvs:           	off
	daytime-dgram: 	off
	daytime-stream:	off
	discard-dgram: 	off
	discard-stream:	off
	echo-dgram:    	off
	echo-stream:   	off
	rsync:         	off
	tcpmux-server: 	off
	time-dgram:    	off
	time-stream:   	off
