root
# Wowza log cleaning
30 3 * * *  /usr/bin/find /usr/local/WowzaStreamingEngine/logs/ \( -type f -mtime +1 -name "*20[0-9][0-9]-[0-9][0-9]-[0-9][0-9]*" -o -name "debug.log.[1-9]*" ! -name "*.gz" \) -exec gzip -vf > /dev/null 2>&1 {} \;
0 3 * * *  /usr/bin/find /usr/local/WowzaStreamingEngine/logs/ -type f -mtime +30 -delete
#Tmpwatch
5 5 * * * /usr/sbin/tmpwatch -mM --fuser --exclude-pattern=/tmp/hsperfdata* --exclude-pattern=/tmp/*.sock 720 /tmp /var/tmp
 
bin
 
daemon
 
adm
 
lp
 
sync
 
shutdown
 
halt
 
mail
 
uucp
 
operator
 
games
 
gopher
 
ftp
 
nobody
 
vcsa
 
rpc
 
rpcuser
 
nfsnobody
 
sshd
 
dbus
 
saslauth
 
apache
 
mysql
 
exim
 
hacluster
 
tomcat
 
tcpdump
 
zabbix
 
ntp
 
wowza
 
netsvcs
 
memcached
 
monit
 
hpsmh
 
nadmadmin
 
nadmshutdown
 
nginx
 
