root
30 3 * * *  /usr/bin/find /var/log/tomcat7 -type f -mtime +1 -name "*20[0-9][0-9]-[0-9][0-9]-[0-9][0-9]*" ! -name "*.gz" -exec gzip -v9 > /dev/null 2>&1 {} \;
0 3 * * *  /usr/bin/find /var/log/tomcat7 -type f -mtime +30 -delete
20,50 * * * * /bin/bash -c /root/weatherupdate/currentupdate.sh
25,55 * * * * /bin/bash -c /root/weatherupdate/forecastupdate.sh
# MySQL binary log rotation
12 2 * * * /usr/bin/mysqladmin flush-logs
13 2 * * * /usr/bin/mysql -e "PURGE BINARY LOGS BEFORE '$(date "+%F %T")'"
 
bin
 
daemon
 
adm
 
lp
 
sync
 
shutdown
 
halt
 
mail
 
uucp
 
operator
 
games
 
gopher
 
ftp
 
nobody
 
vcsa
 
rpc
 
rpcuser
 
nfsnobody
 
sshd
 
mysql
 
dbus
 
saslauth
 
apache
 
exim
 
tomcat
 
hacluster
 
ntp
 
zabbix
 
tcpdump
 
deploy
 
netsvcs
0 */12 * * * /home/netsvcs/bin/backupdb
 
carnivaluk
 
monit
 
hpsmh
 
hms
 
shipshutdown
 
